2024-09-23 15:36:16,385 DEBUG:Starting new HTTP connection (1): atheniantech.com:80
2024-09-23 15:36:19,201 DEBUG:http://atheniantech.com:80 "GET / HTTP/11" 301 0
2024-09-23 15:36:19,204 DEBUG:Starting new HTTPS connection (1): www.atheniantech.com:443
2024-09-23 15:36:21,892 DEBUG:https://www.atheniantech.com:443 "GET / HTTP/11" 200 36896
2024-09-23 15:36:25,496 DEBUG:Popen(['git', 'version'], cwd=C:\Users\awsdl\OneDrive\Desktop\ATHENA 0, stdin=None, shell=False, universal_newlines=False)
2024-09-23 15:36:25,565 DEBUG:Popen(['git', 'rev-parse', '--show-toplevel'], cwd=C:\Users\awsdl\OneDrive\Desktop\ATHENA 0, stdin=None, shell=False, universal_newlines=False)
2024-09-23 15:36:25,628 DEBUG:Popen(['git', 'remote', 'get-url', '--all', 'origin'], cwd=C:\Users\awsdl\OneDrive\Desktop\ATHENA 0, stdin=None, shell=False, universal_newlines=False)
2024-09-23 15:36:25,692 DEBUG:Popen(['git', 'status', '--porcelain', '--untracked-files'], cwd=C:\Users\awsdl\OneDrive\Desktop\ATHENA 0, stdin=None, shell=False, universal_newlines=False)
2024-09-23 15:36:26,312 DEBUG:Popen(['git', 'diff', '--abbrev=40', '--full-index', '-M', '--raw', '-z', '--no-color'], cwd=C:\Users\awsdl\OneDrive\Desktop\ATHENA 0, stdin=None, shell=False, universal_newlines=False)
2024-09-23 15:36:27,183 DEBUG:Popen(['git', 'cat-file', '--batch-check'], cwd=C:\Users\awsdl\OneDrive\Desktop\ATHENA 0, stdin=<valid stream>, shell=False, universal_newlines=False)
2024-09-23 15:36:28,816 DEBUG:Popen(['git', 'rev-list', 'origin/main..main', '--'], cwd=C:\Users\awsdl\OneDrive\Desktop\ATHENA 0, stdin=None, shell=False, universal_newlines=False)
2024-09-23 15:49:51,373 DEBUG:Popen(['git', 'version'], cwd=C:\Users\awsdl\OneDrive\Desktop\ATHENA 0, stdin=None, shell=False, universal_newlines=False)
2024-09-23 15:49:51,466 DEBUG:Popen(['git', 'rev-parse', '--show-toplevel'], cwd=C:\Users\awsdl\OneDrive\Desktop\ATHENA 0, stdin=None, shell=False, universal_newlines=False)
2024-09-23 15:49:51,528 DEBUG:Popen(['git', 'remote', 'get-url', '--all', 'origin'], cwd=C:\Users\awsdl\OneDrive\Desktop\ATHENA 0, stdin=None, shell=False, universal_newlines=False)
2024-09-23 15:49:51,594 DEBUG:Popen(['git', 'status', '--porcelain', '--untracked-files'], cwd=C:\Users\awsdl\OneDrive\Desktop\ATHENA 0, stdin=None, shell=False, universal_newlines=False)
2024-09-23 15:49:51,754 DEBUG:Popen(['git', 'diff', '--abbrev=40', '--full-index', '-M', '--raw', '-z', '--no-color'], cwd=C:\Users\awsdl\OneDrive\Desktop\ATHENA 0, stdin=None, shell=False, universal_newlines=False)
2024-09-23 15:49:51,873 DEBUG:Popen(['git', 'rev-list', 'origin/main..main', '--'], cwd=C:\Users\awsdl\OneDrive\Desktop\ATHENA 0, stdin=None, shell=False, universal_newlines=False)
2024-09-23 15:59:24,218 DEBUG:Starting new HTTP connection (1): atheniantech.com:80
2024-09-23 15:59:25,955 DEBUG:http://atheniantech.com:80 "GET / HTTP/11" 301 0
2024-09-23 15:59:25,957 DEBUG:Starting new HTTPS connection (1): www.atheniantech.com:443
2024-09-23 15:59:29,893 DEBUG:https://www.atheniantech.com:443 "GET / HTTP/11" 200 36896
2024-09-23 16:05:07,991 DEBUG:Popen(['git', 'version'], cwd=C:\Users\awsdl\OneDrive\Desktop\ATHENA 0, stdin=None, shell=False, universal_newlines=False)
2024-09-23 16:05:08,087 DEBUG:Popen(['git', 'rev-parse', '--show-toplevel'], cwd=C:\Users\awsdl\OneDrive\Desktop\ATHENA 0, stdin=None, shell=False, universal_newlines=False)
2024-09-23 16:05:08,160 DEBUG:Popen(['git', 'remote', 'get-url', '--all', 'origin'], cwd=C:\Users\awsdl\OneDrive\Desktop\ATHENA 0, stdin=None, shell=False, universal_newlines=False)
2024-09-23 16:05:08,231 DEBUG:Popen(['git', 'status', '--porcelain', '--untracked-files'], cwd=C:\Users\awsdl\OneDrive\Desktop\ATHENA 0, stdin=None, shell=False, universal_newlines=False)
2024-09-23 16:05:08,380 DEBUG:Popen(['git', 'diff', '--abbrev=40', '--full-index', '-M', '--raw', '-z', '--no-color'], cwd=C:\Users\awsdl\OneDrive\Desktop\ATHENA 0, stdin=None, shell=False, universal_newlines=False)
2024-09-23 16:05:08,497 DEBUG:Popen(['git', 'cat-file', '--batch-check'], cwd=C:\Users\awsdl\OneDrive\Desktop\ATHENA 0, stdin=<valid stream>, shell=False, universal_newlines=False)
2024-09-23 16:05:08,552 DEBUG:Popen(['git', 'rev-list', 'origin/main..main', '--'], cwd=C:\Users\awsdl\OneDrive\Desktop\ATHENA 0, stdin=None, shell=False, universal_newlines=False)
